2025-03-25 12:54:11:5411 [32minfo[39m: [32mServer is running on port 3001[39m
2025-03-25 12:54:11:5411 [32minfo[39m: [32mEnvironment: development[39m
2025-03-25 12:54:11:5411 [32minfo[39m: [32mConnected to MongoDB Atlas successfully[39m
2025-03-25 12:54:46:5446 [32minfo[39m: [32mServer is running on port 3001[39m
2025-03-25 12:54:46:5446 [32minfo[39m: [32mEnvironment: development[39m
2025-03-25 12:54:46:5446 [32minfo[39m: [32mConnected to MongoDB Atlas successfully[39m
2025-03-25 12:55:12:5512 [32minfo[39m: [32mServer is running on port 3001[39m
2025-03-25 12:55:12:5512 [32minfo[39m: [32mEnvironment: development[39m
2025-03-25 12:55:13:5513 [32minfo[39m: [32mConnected to MongoDB Atlas successfully[39m
2025-03-25 12:55:49:5549 [32minfo[39m: [32mServer is running on port 3001[39m
2025-03-25 12:55:49:5549 [32minfo[39m: [32mEnvironment: development[39m
2025-03-25 12:55:50:5550 [32minfo[39m: [32mConnected to MongoDB Atlas successfully[39m
2025-03-25 12:55:57:5557 [32minfo[39m: [32mMongoDB connection is working[39m
2025-03-25 13:04:03:43 [32minfo[39m: [32mServer is running on port 3001[39m
2025-03-25 13:04:03:43 [32minfo[39m: [32mEnvironment: development[39m
2025-03-25 13:04:04:44 [32minfo[39m: [32mConnected to MongoDB Atlas successfully[39m
2025-03-25 13:04:05:45 [32minfo[39m: [32mServer is running on port 3001[39m
2025-03-25 13:04:05:45 [32minfo[39m: [32mEnvironment: development[39m
2025-03-25 13:04:06:46 [32minfo[39m: [32mConnected to MongoDB Atlas successfully[39m
2025-03-25 13:04:19:419 [32minfo[39m: [32mServer is running on port 3001[39m
2025-03-25 13:04:19:419 [32minfo[39m: [32mEnvironment: development[39m
2025-03-25 13:04:20:420 [32minfo[39m: [32mConnected to MongoDB Atlas successfully[39m
2025-03-25 13:04:21:421 [32minfo[39m: [32mServer is running on port 3001[39m
2025-03-25 13:04:21:421 [32minfo[39m: [32mEnvironment: development[39m
2025-03-25 13:04:21:421 [32minfo[39m: [32mConnected to MongoDB Atlas successfully[39m
2025-03-25 13:04:29:429 [32minfo[39m: [32mServer is running on port 3001[39m
2025-03-25 13:04:29:429 [32minfo[39m: [32mEnvironment: development[39m
2025-03-25 13:04:30:430 [32minfo[39m: [32mConnected to MongoDB Atlas successfully[39m
2025-03-25 13:04:31:431 [32minfo[39m: [32mServer is running on port 3001[39m
2025-03-25 13:04:31:431 [32minfo[39m: [32mEnvironment: development[39m
2025-03-25 13:04:31:431 [32minfo[39m: [32mConnected to MongoDB Atlas successfully[39m
2025-03-25 13:04:41:441 [32minfo[39m: [32mServer is running on port 3001[39m
2025-03-25 13:04:41:441 [32minfo[39m: [32mEnvironment: development[39m
2025-03-25 13:04:41:441 [32minfo[39m: [32mConnected to MongoDB Atlas successfully[39m
2025-03-25 13:04:43:443 [32minfo[39m: [32mServer is running on port 3001[39m
2025-03-25 13:04:43:443 [32minfo[39m: [32mEnvironment: development[39m
2025-03-25 13:04:43:443 [32minfo[39m: [32mConnected to MongoDB Atlas successfully[39m
2025-03-25 13:05:33:533 [32minfo[39m: [32mServer is running on port 3001[39m
2025-03-25 13:05:33:533 [32minfo[39m: [32mEnvironment: development[39m
2025-03-25 13:05:33:533 [32minfo[39m: [32mConnected to MongoDB Atlas successfully[39m
2025-03-25 18:38:27:3827 [33mwarn[39m: [33mPort 3001 is already in use, trying port 30011[39m
2025-03-25 18:38:27:3827 [32minfo[39m: [32mServer running on port 30011[39m
2025-03-25 18:38:27:3827 [32minfo[39m: [32mConnected to MongoDB Atlas successfully[39m
2025-03-25 18:51:32:5132 [33mwarn[39m: [33mMongoDB disconnected[39m
2025-03-25 18:53:01:531 [33mwarn[39m: [33mMongoDB disconnected[39m
2025-03-25 18:53:08:538 [33mwarn[39m: [33mPort 3001 is already in use, trying port 30011[39m
2025-03-25 18:53:08:538 [32minfo[39m: [32mServer running on port 30011[39m
2025-03-25 18:53:08:538 [32minfo[39m: [32mConnected to MongoDB Atlas successfully[39m
2025-03-26 01:30:39:3039 [32minfo[39m: [32mServer running on port 3001[39m
2025-03-26 01:30:39:3039 [32minfo[39m: [32mConnected to MongoDB Atlas successfully[39m
